<?xml version="1.0" encoding="UTF-8"?>
<!-- Generated by org.testng.reporters.JUnitReportReporter -->
<testsuite hostname="DESKTOP-8QG8CLM" failures="0" tests="6" name="testClasses.VerifyLogin" time="1.768" errors="0" timestamp="2021-10-30T22:52:55 IST" skipped="0">
  <testcase classname="testClasses.VerifyLogin" name="test3" time="0.126"/>
  <system-out/>
  <testcase classname="testClasses.VerifyLogin" name="test3" time="0.565"/>
  <system-out/>
  <testcase classname="testClasses.VerifyLogin" name="test2" time="0.263"/>
  <system-out/>
  <testcase classname="testClasses.VerifyLogin" name="test2" time="0.154"/>
  <system-out/>
  <testcase classname="testClasses.VerifyLogin" name="test1" time="0.297"/>
  <system-out/>
  <testcase classname="testClasses.VerifyLogin" name="test1" time="0.363"/>
  <system-out/>
</testsuite> <!-- testClasses.VerifyLogin -->
