<?xml version="1.0" encoding="UTF-8"?>
<!-- Generated by org.testng.reporters.JUnitReportReporter -->
<testsuite hostname="DESKTOP-8QG8CLM" failures="0" tests="1" name="testClasses.AddNewAddress" time="9.229" errors="0" timestamp="2021-10-20T20:38:09 IST" skipped="0">
  <testcase classname="testClasses.AddNewAddress" name="test1" time="9.229"/>
  <system-out/>
</testsuite> <!-- testClasses.AddNewAddress -->
