<?xml version="1.0" encoding="UTF-8"?>
<!-- Generated by org.testng.reporters.JUnitReportReporter -->
<testsuite hostname="DESKTOP-8QG8CLM" failures="0" tests="1" name="TestClasses.AddNewAddress" time="8.738" errors="0" timestamp="2021-10-16T18:50:47 IST" skipped="0">
  <testcase classname="TestClasses.AddNewAddress" name="test1" time="8.738"/>
  <system-out/>
</testsuite> <!-- TestClasses.AddNewAddress -->
