<?xml version="1.0" encoding="UTF-8"?>
<!-- Generated by org.testng.reporters.JUnitReportReporter -->
<testsuite hostname="DESKTOP-8QG8CLM" failures="0" tests="3" name="TestClasses.VerifyLogin" time="0.622" errors="0" timestamp="2021-10-13T16:20:46 IST" skipped="0">
  <testcase classname="TestClasses.VerifyLogin" name="test2" time="0.345"/>
  <system-out/>
  <testcase classname="TestClasses.VerifyLogin" name="test4" time="0.127"/>
  <system-out/>
  <testcase classname="TestClasses.VerifyLogin" name="test3" time="0.150"/>
  <system-out/>
</testsuite> <!-- TestClasses.VerifyLogin -->
