<?xml version="1.0" encoding="UTF-8"?>
<!-- Generated by org.testng.reporters.JUnitReportReporter -->
<testsuite hostname="DESKTOP-8QG8CLM" failures="0" tests="3" name="TestClasses.AddMobileToCart" time="40.283" errors="0" timestamp="2021-10-20T18:23:57 IST" skipped="0">
  <testcase classname="TestClasses.AddMobileToCart" name="test1" time="15.243"/>
  <system-out/>
  <testcase classname="TestClasses.AddMobileToCart" name="test1" time="12.341"/>
  <system-out/>
  <testcase classname="TestClasses.AddMobileToCart" name="test1" time="12.699"/>
  <system-out/>
</testsuite> <!-- TestClasses.AddMobileToCart -->
